<?xml version="1.0" encoding="UTF-8"?>
<!-- Generated by org.testng.reporters.JUnitReportReporter -->
<testsuite hostname="DESKTOP-LGR4B9K" failures="0" tests="7" name="target.Basics3" time="0.020" errors="0" timestamp="2023-09-24T12:52:47 PDT" skipped="1">
  <testcase classname="target.Basics3" name="MobileSignoutcarLoan" time="0.002"/>
  <testcase classname="target.Basics3" name="MobileSignincarLoan" time="0.010"/>
  <testcase classname="target.Basics3" name="Weblogin" time="0.002"/>
  <testcase classname="target.Basics3" name="Weblogin" time="0.002"/>
  <testcase classname="target.Basics3" name="Weblogin" time="0.003"/>
  <testcase classname="target.Basics3" name="LoginAPIcarLoan" time="0.001"/>
  <testcase classname="target.Basics3" name="MobileLogincarLoan">
    <skipped/>
  </testcase> <!-- MobileLogincarLoan -->
</testsuite> <!-- target.Basics3 -->
