<?xml version="1.0" encoding="UTF-8"?>
<!-- Generated by org.testng.reporters.JUnitReportReporter -->
<testsuite hostname="DESKTOP-LGR4B9K" failures="0" tests="3" name="target.Basics4" time="0.012" errors="0" timestamp="2023-09-24T12:52:47 PDT" skipped="0">
  <testcase classname="target.Basics4" name="WebloginhomeLoan" time="0.002"/>
  <testcase classname="target.Basics4" name="MobileLoginhomeLoan" time="0.004"/>
  <testcase classname="target.Basics4" name="LoginAPIhomeLoan" time="0.006"/>
</testsuite> <!-- target.Basics4 -->
