<?xml version="1.0" encoding="UTF-8"?>
<!-- Generated by org.testng.reporters.JUnitReportReporter -->
<testsuite hostname="DESKTOP-LGR4B9K" failures="0" tests="1" name="target.Basics2" time="0.008" errors="0" timestamp="2023-09-24T12:52:47 PDT" skipped="0">
  <testcase classname="target.Basics2" name="personalLoan" time="0.008"/>
</testsuite> <!-- target.Basics2 -->
